Bringing machine 'srv01' up with 'virtualbox' provider...
==> srv01: Importing base box 'centos/8'...
[KProgress: 20%[KProgress: 40%[KProgress: 50%[KProgress: 70%[KProgress: 90%[K==> srv01: Matching MAC address for NAT networking...
==> srv01: Checking if box 'centos/8' version '2011.0' is up to date...
==> srv01: Setting the name of the VM: homework_lesson31_VPN_srv01_1623538379080_1299
==> srv01: Clearing any previously set network interfaces...
==> srv01: Preparing network interfaces based on configuration...
    srv01: Adapter 1: nat
    srv01: Adapter 2: hostonly
    srv01: Adapter 3: intnet
    srv01: Adapter 4: intnet
==> srv01: Forwarding ports...
    srv01: 22 (guest) => 2222 (host) (adapter 1)
==> srv01: Booting VM...
==> srv01: Waiting for machine to boot. This may take a few minutes...
    srv01: SSH address: 127.0.0.1:2222
    srv01: SSH username: vagrant
    srv01: SSH auth method: private key
    srv01: Warning: Connection reset. Retrying...
    srv01: 
    srv01: Vagrant insecure key detected. Vagrant will automatically replace
    srv01: this with a newly generated keypair for better security.
    srv01: 
    srv01: Inserting generated public key within guest...
    srv01: Removing insecure key from the guest if it's present...
    srv01: Key inserted! Disconnecting and reconnecting using new SSH key...
==> srv01: Machine booted and ready!
==> srv01: Checking for guest additions in VM...
    srv01: No guest additions were detected on the base box for this VM! Guest
    srv01: additions are required for forwarded ports, shared folders, host only
    srv01: networking, and more. If SSH fails on this machine, please install
    srv01: the guest additions and repackage the box to continue.
    srv01: 
    srv01: This is not an error message; everything may continue to work properly,
    srv01: in which case you may ignore this message.
==> srv01: Setting hostname...
==> srv01: Configuring and enabling network interfaces...
==> srv01: Rsyncing folder: /installs/Study/OTUS/lesson_31_VPN/homework_lesson31_VPN/ => /vagrant
==> srv01:   - Exclude: [".vagrant/", "./hddvm, README.md"]
==> srv01: Running provisioner: shell...
    srv01: Running: inline script
==> srv01: Running provisioner: ansible_local...
    srv01: Installing Ansible...
    srv01: Running ansible-playbook...
cd /vagrant && PYTHONUNBUFFERED=1 ANSIBLE_NOCOLOR=true ansible-playbook --limit="srv01" --inventory-file=./ansible/inventory/ -vv --tags=srv01 ./ansible/playbooks/openvpn.yml
ansible-playbook 2.9.21
  config file = /vagrant/ansible.cfg
  configured module search path = ['/home/vagrant/.ansible/plugins/modules', '/usr/share/ansible/plugins/modules']
  ansible python module location = /usr/lib/python3.6/site-packages/ansible
  executable location = /usr/bin/ansible-playbook
  python version = 3.6.8 (default, Aug 24 2020, 17:57:11) [GCC 8.3.1 20191121 (Red Hat 8.3.1-5)]
Using /vagrant/ansible.cfg as config file
ERROR! couldn't resolve module/action 'community.general.seport'. This often indicates a misspelling, missing collection, or incorrect module path.

The error appears to be in '/vagrant/ansible/roles/openvpn/tasks/main.yml': line 35, column 3, but may
be elsewhere in the file depending on the exact syntax problem.

The offending line appears to be:


- name: Запуск openVPN на нестандартных портах
  ^ here
